--- Nouvelle Requête Sessions API ---
Timestamp: 2025-07-26 20:16:17
Session ID: 8e6jonjf9ekk29mmj3o7b1iuu8
$_SESSION Contenu: Array
(
    [logged_in] => 1
    [username] => monutilisateur
)

logged_in est défini et vrai ? Oui
--- Nouvelle Requête Sessions API ---
Timestamp: 2025-07-26 20:19:18
Session ID: 8e6jonjf9ekk29mmj3o7b1iuu8
$_SESSION Contenu: Array
(
    [logged_in] => 1
    [username] => monutilisateur
)

logged_in est défini et vrai ? Oui
--- Nouvelle Requête Sessions API ---
Timestamp: 2025-07-26 20:24:42
Session ID: 8e6jonjf9ekk29mmj3o7b1iuu8
$_SESSION Contenu: Array
(
    [logged_in] => 1
    [username] => monutilisateur
)

logged_in est défini et vrai ? Oui
--- Nouvelle Requête Sessions API ---
Timestamp: 2025-07-26 20:25:11
Session ID: 8e6jonjf9ekk29mmj3o7b1iuu8
$_SESSION Contenu: Array
(
    [logged_in] => 1
    [username] => monutilisateur
)

logged_in est défini et vrai ? Oui
--- Nouvelle Requête Sessions API ---
Timestamp: 2025-07-26 20:26:08
Session ID: d5g3agk21kdunc0st1g97aejr1
$_SESSION Contenu: Array
(
    [logged_in] => 1
    [username] => monutilisateur
)

logged_in est défini et vrai ? Oui
--- Nouvelle Requête Sessions API ---
Timestamp: 2025-07-26 20:31:07
Session ID: d5g3agk21kdunc0st1g97aejr1
$_SESSION Contenu: Array
(
    [logged_in] => 1
    [username] => monutilisateur
)

logged_in est défini et vrai ? Oui
--- Nouvelle Requête Sessions API ---
Timestamp: 2025-07-26 20:31:10
Session ID: d5g3agk21kdunc0st1g97aejr1
$_SESSION Contenu: Array
(
    [logged_in] => 1
    [username] => monutilisateur
)

logged_in est défini et vrai ? Oui
--- Nouvelle Requête Sessions API ---
Timestamp: 2025-07-26 20:33:07
Session ID: ktmoqie8p7us14uceph7pg8koj
$_SESSION Contenu: Array
(
    [logged_in] => 1
    [username] => monutilisateur
)

logged_in est défini et vrai ? Oui
--- Nouvelle Requête Sessions API ---
Timestamp: 2025-07-26 20:35:00
Session ID: ktmoqie8p7us14uceph7pg8koj
$_SESSION Contenu: Array
(
    [logged_in] => 1
    [username] => monutilisateur
)

logged_in est défini et vrai ? Oui
--- Nouvelle Requête Sessions API ---
Timestamp: 2025-07-26 20:35:08
Session ID: ktmoqie8p7us14uceph7pg8koj
$_SESSION Contenu: Array
(
    [logged_in] => 1
    [username] => monutilisateur
)

logged_in est défini et vrai ? Oui
--- Nouvelle Requête Sessions API ---
Timestamp: 2025-07-26 20:36:25
Session ID: 32q2mnc95k4kg14cedivj018eh
$_SESSION Contenu: Array
(
    [logged_in] => 1
    [username] => monutilisateur
)

logged_in est défini et vrai ? Oui
--- Nouvelle Requête Sessions API ---
Timestamp: 2025-07-26 20:38:12
Session ID: 32q2mnc95k4kg14cedivj018eh
$_SESSION Contenu: Array
(
    [logged_in] => 1
    [username] => monutilisateur
)

logged_in est défini et vrai ? Oui
--- Nouvelle Requête Sessions API ---
Timestamp: 2025-07-26 20:39:57
Session ID: 32q2mnc95k4kg14cedivj018eh
$_SESSION Contenu: Array
(
    [logged_in] => 1
    [username] => monutilisateur
)

logged_in est défini et vrai ? Oui
--- Nouvelle Requête Sessions API ---
Timestamp: 2025-07-26 20:40:34
Session ID: 32q2mnc95k4kg14cedivj018eh
$_SESSION Contenu: Array
(
    [logged_in] => 1
    [username] => monutilisateur
)

logged_in est défini et vrai ? Oui
--- Nouvelle Requête Sessions API ---
Timestamp: 2025-07-26 20:40:35
Session ID: 32q2mnc95k4kg14cedivj018eh
$_SESSION Contenu: Array
(
    [logged_in] => 1
    [username] => monutilisateur
)

logged_in est défini et vrai ? Oui
--- Nouvelle Requête Sessions API ---
Timestamp: 2025-07-26 20:40:35
Session ID: 32q2mnc95k4kg14cedivj018eh
$_SESSION Contenu: Array
(
    [logged_in] => 1
    [username] => monutilisateur
)

logged_in est défini et vrai ? Oui
--- Nouvelle Requête Sessions API ---
Timestamp: 2025-07-26 20:42:45
Session ID: q58idtsb8e1sa2rlujm73i73mh
$_SESSION Contenu: Array
(
    [logged_in] => 1
    [username] => monutilisateur
)

logged_in est défini et vrai ? Oui
--- Nouvelle Requête Sessions API ---
Timestamp: 2025-07-26 20:43:29
Session ID: q58idtsb8e1sa2rlujm73i73mh
$_SESSION Contenu: Array
(
    [logged_in] => 1
    [username] => monutilisateur
)

logged_in est défini et vrai ? Oui
--- Nouvelle Requête Sessions API ---
Timestamp: 2025-07-26 20:53:03
Session ID: 7ou0rpojt0su84j2766teferhd
$_SESSION Contenu: Array
(
    [logged_in] => 1
    [username] => monutilisateur
)

logged_in est défini et vrai ? Oui
--- Nouvelle Requête Sessions API ---
Timestamp: 2025-07-26 20:57:54
Session ID: 7ou0rpojt0su84j2766teferhd
$_SESSION Contenu: Array
(
    [logged_in] => 1
    [username] => monutilisateur
)

logged_in est défini et vrai ? Oui
--- Nouvelle Requête Sessions API ---
Timestamp: 2025-07-26 21:09:19
Session ID: 7ou0rpojt0su84j2766teferhd
$_SESSION Contenu: Array
(
    [logged_in] => 1
    [username] => monutilisateur
)

logged_in est défini et vrai ? Oui
--- Nouvelle Requête Sessions API ---
Timestamp: 2025-07-26 21:09:20
Session ID: 7ou0rpojt0su84j2766teferhd
$_SESSION Contenu: Array
(
    [logged_in] => 1
    [username] => monutilisateur
)

logged_in est défini et vrai ? Oui
--- Nouvelle Requête Sessions API ---
Timestamp: 2025-07-26 21:09:22
Session ID: 7ou0rpojt0su84j2766teferhd
$_SESSION Contenu: Array
(
    [logged_in] => 1
    [username] => monutilisateur
)

logged_in est défini et vrai ? Oui
--- Nouvelle Requête Sessions API ---
Timestamp: 2025-07-26 21:09:23
Session ID: 7ou0rpojt0su84j2766teferhd
$_SESSION Contenu: Array
(
    [logged_in] => 1
    [username] => monutilisateur
)

logged_in est défini et vrai ? Oui
--- Nouvelle Requête Sessions API ---
Timestamp: 2025-07-26 21:09:30
Session ID: 7ou0rpojt0su84j2766teferhd
$_SESSION Contenu: Array
(
    [logged_in] => 1
    [username] => monutilisateur
)

logged_in est défini et vrai ? Oui
--- Nouvelle Requête Sessions API ---
Timestamp: 2025-07-26 21:09:39
Session ID: 7ou0rpojt0su84j2766teferhd
$_SESSION Contenu: Array
(
    [logged_in] => 1
    [username] => monutilisateur
)

logged_in est défini et vrai ? Oui
--- Nouvelle Requête Sessions API ---
Timestamp: 2025-07-26 21:09:43
Session ID: 7ou0rpojt0su84j2766teferhd
$_SESSION Contenu: Array
(
    [logged_in] => 1
    [username] => monutilisateur
)

logged_in est défini et vrai ? Oui
--- Nouvelle Requête Sessions API ---
Timestamp: 2025-07-26 21:09:57
Session ID: vfsgoo5ck5q9ul8ieks72ql7rk
$_SESSION Contenu: Array
(
    [logged_in] => 1
    [username] => monutilisateur
)

logged_in est défini et vrai ? Oui
--- Nouvelle Requête Sessions API ---
Timestamp: 2025-07-26 21:10:30
Session ID: hpekj1cfu4ebddrigm3pl8vipv
$_SESSION Contenu: Array
(
    [logged_in] => 1
    [username] => monutilisateur
)

logged_in est défini et vrai ? Oui
--- Nouvelle Requête Sessions API ---
Timestamp: 2025-07-26 21:10:54
Session ID: hpekj1cfu4ebddrigm3pl8vipv
$_SESSION Contenu: Array
(
    [logged_in] => 1
    [username] => monutilisateur
)

logged_in est défini et vrai ? Oui
--- Nouvelle Requête Sessions API ---
Timestamp: 2025-07-26 21:13:57
Session ID: hpekj1cfu4ebddrigm3pl8vipv
$_SESSION Contenu: Array
(
    [logged_in] => 1
    [username] => monutilisateur
)

logged_in est défini et vrai ? Oui
--- Nouvelle Requête Sessions API ---
Timestamp: 2025-07-26 21:13:58
Session ID: hpekj1cfu4ebddrigm3pl8vipv
$_SESSION Contenu: Array
(
    [logged_in] => 1
    [username] => monutilisateur
)

logged_in est défini et vrai ? Oui
--- Nouvelle Requête Sessions API ---
Timestamp: 2025-07-26 21:14:00
Session ID: hpekj1cfu4ebddrigm3pl8vipv
$_SESSION Contenu: Array
(
    [logged_in] => 1
    [username] => monutilisateur
)

logged_in est défini et vrai ? Oui
--- Nouvelle Requête Sessions API ---
Timestamp: 2025-07-26 21:14:05
Session ID: hpekj1cfu4ebddrigm3pl8vipv
$_SESSION Contenu: Array
(
    [logged_in] => 1
    [username] => monutilisateur
)

logged_in est défini et vrai ? Oui
--- Nouvelle Requête Sessions API ---
Timestamp: 2025-07-26 21:14:42
Session ID: hpekj1cfu4ebddrigm3pl8vipv
$_SESSION Contenu: Array
(
    [logged_in] => 1
    [username] => monutilisateur
)

logged_in est défini et vrai ? Oui
--- Nouvelle Requête Sessions API ---
Timestamp: 2025-07-26 21:14:43
Session ID: hpekj1cfu4ebddrigm3pl8vipv
$_SESSION Contenu: Array
(
    [logged_in] => 1
    [username] => monutilisateur
)

logged_in est défini et vrai ? Oui
--- Nouvelle Requête Sessions API ---
Timestamp: 2025-07-26 21:16:27
Session ID: 97c89draouobbr3e296qo04tnu
$_SESSION Contenu: Array
(
    [logged_in] => 1
    [username] => monutilisateur
)

logged_in est défini et vrai ? Oui
--- Nouvelle Requête Sessions API ---
Timestamp: 2025-07-26 21:20:26
Session ID: v2jprei2pnnhpek0dfifovh602
$_SESSION Contenu: Array
(
    [logged_in] => 1
    [username] => monutilisateur
)

logged_in est défini et vrai ? Oui
--- Nouvelle Requête Sessions API ---
Timestamp: 2025-07-26 21:20:29
Session ID: v2jprei2pnnhpek0dfifovh602
$_SESSION Contenu: Array
(
    [logged_in] => 1
    [username] => monutilisateur
)

logged_in est défini et vrai ? Oui
--- Nouvelle Requête Sessions API ---
Timestamp: 2025-07-26 21:39:25
Session ID: v2jprei2pnnhpek0dfifovh602
$_SESSION Contenu: Array
(
    [logged_in] => 1
    [username] => monutilisateur
)

logged_in est défini et vrai ? Oui
--- Nouvelle Requête Sessions API ---
Timestamp: 2025-07-26 21:44:54
Session ID: hsqm1bhcomhvv1cv61npvmtsm4
$_SESSION Contenu: Array
(
    [logged_in] => 1
    [username] => monutilisateur
)

logged_in est défini et vrai ? Oui
--- Nouvelle Requête Sessions API ---
Timestamp: 2025-07-26 21:47:15
Session ID: hsqm1bhcomhvv1cv61npvmtsm4
$_SESSION Contenu: Array
(
    [logged_in] => 1
    [username] => monutilisateur
)

logged_in est défini et vrai ? Oui
--- Nouvelle Requête Sessions API ---
Timestamp: 2025-07-26 21:51:02
Session ID: hsqm1bhcomhvv1cv61npvmtsm4
$_SESSION Contenu: Array
(
    [logged_in] => 1
    [username] => monutilisateur
)

logged_in est défini et vrai ? Oui
--- Nouvelle Requête Sessions API ---
Timestamp: 2025-07-26 21:51:45
Session ID: uatakaqim5dm6oik3sbl3vvtnn
$_SESSION Contenu: Array
(
    [logged_in] => 1
    [username] => monutilisateur
)

logged_in est défini et vrai ? Oui
--- Nouvelle Requête Sessions API ---
Timestamp: 2025-07-26 22:01:00
Session ID: uatakaqim5dm6oik3sbl3vvtnn
$_SESSION Contenu: Array
(
    [logged_in] => 1
    [username] => monutilisateur
)

logged_in est défini et vrai ? Oui
--- Nouvelle Requête Sessions API ---
Timestamp: 2025-07-26 22:03:23
Session ID: uatakaqim5dm6oik3sbl3vvtnn
$_SESSION Contenu: Array
(
    [logged_in] => 1
    [username] => monutilisateur
)

logged_in est défini et vrai ? Oui
--- Nouvelle Requête Sessions API ---
Timestamp: 2025-07-26 22:03:56
Session ID: blbdurhqlqkauc15n3alhd7sal
$_SESSION Contenu: Array
(
    [logged_in] => 1
    [username] => monutilisateur
)

logged_in est défini et vrai ? Oui
--- Nouvelle Requête Sessions API ---
Timestamp: 2025-07-26 22:09:25
Session ID: blbdurhqlqkauc15n3alhd7sal
$_SESSION Contenu: Array
(
    [logged_in] => 1
    [username] => monutilisateur
)

logged_in est défini et vrai ? Oui
--- Nouvelle Requête Sessions API ---
Timestamp: 2025-07-26 22:13:40
Session ID: blbdurhqlqkauc15n3alhd7sal
$_SESSION Contenu: Array
(
    [logged_in] => 1
    [username] => monutilisateur
)

logged_in est défini et vrai ? Oui
--- Nouvelle Requête Sessions API ---
Timestamp: 2025-07-26 22:13:43
Session ID: blbdurhqlqkauc15n3alhd7sal
$_SESSION Contenu: Array
(
    [logged_in] => 1
    [username] => monutilisateur
)

logged_in est défini et vrai ? Oui
--- Nouvelle Requête Sessions API ---
Timestamp: 2025-07-26 22:13:58
Session ID: blbdurhqlqkauc15n3alhd7sal
$_SESSION Contenu: Array
(
    [logged_in] => 1
    [username] => monutilisateur
)

logged_in est défini et vrai ? Oui
--- Nouvelle Requête Sessions API ---
Timestamp: 2025-07-26 22:15:38
Session ID: blbdurhqlqkauc15n3alhd7sal
$_SESSION Contenu: Array
(
    [logged_in] => 1
    [username] => monutilisateur
)

logged_in est défini et vrai ? Oui
--- Nouvelle Requête Sessions API ---
Timestamp: 2025-07-26 22:15:49
Session ID: blbdurhqlqkauc15n3alhd7sal
$_SESSION Contenu: Array
(
    [logged_in] => 1
    [username] => monutilisateur
)

logged_in est défini et vrai ? Oui
--- Nouvelle Requête Sessions API ---
Timestamp: 2025-07-26 22:16:16
Session ID: sluadhl03rdtcfpiljjcjtmvs9
$_SESSION Contenu: Array
(
    [logged_in] => 1
    [username] => monutilisateur
)

logged_in est défini et vrai ? Oui
--- Nouvelle Requête Sessions API ---
Timestamp: 2025-07-26 22:19:29
Session ID: sluadhl03rdtcfpiljjcjtmvs9
$_SESSION Contenu: Array
(
    [logged_in] => 1
    [username] => monutilisateur
)

logged_in est défini et vrai ? Oui
--- Nouvelle Requête Sessions API ---
Timestamp: 2025-07-26 22:20:05
Session ID: aee2je5qvfhr2e6h079a1g8v1i
$_SESSION Contenu: Array
(
    [logged_in] => 1
    [username] => monutilisateur
)

logged_in est défini et vrai ? Oui
--- Nouvelle Requête Sessions API ---
Timestamp: 2025-07-26 22:20:36
Session ID: aee2je5qvfhr2e6h079a1g8v1i
$_SESSION Contenu: Array
(
    [logged_in] => 1
    [username] => monutilisateur
)

logged_in est défini et vrai ? Oui
--- Nouvelle Requête Sessions API ---
Timestamp: 2025-07-26 23:05:44
Session ID: aee2je5qvfhr2e6h079a1g8v1i
$_SESSION Contenu: Array
(
    [logged_in] => 1
    [username] => monutilisateur
)

logged_in est défini et vrai ? Oui
--- Nouvelle Requête Sessions API ---
Timestamp: 2025-07-26 23:12:46
Session ID: gm36ifv7lbo8af4rrhnueealr6
$_SESSION Contenu: Array
(
    [logged_in] => 1
    [username] => monutilisateur
)

logged_in est défini et vrai ? Oui
--- Nouvelle Requête Sessions API ---
Timestamp: 2025-07-26 23:13:30
Session ID: gm36ifv7lbo8af4rrhnueealr6
$_SESSION Contenu: Array
(
    [logged_in] => 1
    [username] => monutilisateur
)

logged_in est défini et vrai ? Oui
--- Nouvelle Requête Sessions API ---
Timestamp: 2025-07-26 23:14:27
Session ID: gm36ifv7lbo8af4rrhnueealr6
$_SESSION Contenu: Array
(
    [logged_in] => 1
    [username] => monutilisateur
)

logged_in est défini et vrai ? Oui
--- Nouvelle Requête Sessions API ---
Timestamp: 2025-07-26 23:16:44
Session ID: gm36ifv7lbo8af4rrhnueealr6
$_SESSION Contenu: Array
(
    [logged_in] => 1
    [username] => monutilisateur
)

logged_in est défini et vrai ? Oui
--- Nouvelle Requête Sessions API ---
Timestamp: 2025-07-26 23:16:47
Session ID: gm36ifv7lbo8af4rrhnueealr6
$_SESSION Contenu: Array
(
    [logged_in] => 1
    [username] => monutilisateur
)

logged_in est défini et vrai ? Oui
--- Nouvelle Requête Sessions API ---
Timestamp: 2025-07-26 23:16:54
Session ID: gm36ifv7lbo8af4rrhnueealr6
$_SESSION Contenu: Array
(
    [logged_in] => 1
    [username] => monutilisateur
)

logged_in est défini et vrai ? Oui
--- Nouvelle Requête Sessions API ---
Timestamp: 2025-07-26 23:17:00
Session ID: gm36ifv7lbo8af4rrhnueealr6
$_SESSION Contenu: Array
(
    [logged_in] => 1
    [username] => monutilisateur
)

logged_in est défini et vrai ? Oui
--- Nouvelle Requête Sessions API ---
Timestamp: 2025-07-26 23:17:03
Session ID: gm36ifv7lbo8af4rrhnueealr6
$_SESSION Contenu: Array
(
    [logged_in] => 1
    [username] => monutilisateur
)

logged_in est défini et vrai ? Oui
--- Nouvelle Requête Sessions API ---
Timestamp: 2025-07-26 23:17:27
Session ID: gm36ifv7lbo8af4rrhnueealr6
$_SESSION Contenu: Array
(
    [logged_in] => 1
    [username] => monutilisateur
)

logged_in est défini et vrai ? Oui
--- Nouvelle Requête Sessions API ---
Timestamp: 2025-07-26 23:17:58
Session ID: jnj4nalu5h6d4pivim91qc5iog
$_SESSION Contenu: Array
(
    [logged_in] => 1
    [username] => monutilisateur
)

logged_in est défini et vrai ? Oui
--- Nouvelle Requête Sessions API ---
Timestamp: 2025-07-27 08:58:13
Session ID: jnj4nalu5h6d4pivim91qc5iog
$_SESSION Contenu: Array
(
    [logged_in] => 1
    [username] => monutilisateur
)

logged_in est défini et vrai ? Oui
--- Nouvelle Requête Sessions API ---
Timestamp: 2025-07-27 08:58:38
Session ID: jnj4nalu5h6d4pivim91qc5iog
$_SESSION Contenu: Array
(
    [logged_in] => 1
    [username] => monutilisateur
)

logged_in est défini et vrai ? Oui
--- Nouvelle Requête Sessions API ---
Timestamp: 2025-07-27 08:59:02
Session ID: jnj4nalu5h6d4pivim91qc5iog
$_SESSION Contenu: Array
(
    [logged_in] => 1
    [username] => monutilisateur
)

logged_in est défini et vrai ? Oui
--- Nouvelle Requête Sessions API ---
Timestamp: 2025-07-27 14:27:20
Session ID: jnj4nalu5h6d4pivim91qc5iog
$_SESSION Contenu: Array
(
    [logged_in] => 1
    [username] => monutilisateur
)

logged_in est défini et vrai ? Oui
--- Nouvelle Requête Sessions API ---
Timestamp: 2025-07-27 14:29:41
Session ID: jnj4nalu5h6d4pivim91qc5iog
$_SESSION Contenu: Array
(
    [logged_in] => 1
    [username] => monutilisateur
)

logged_in est défini et vrai ? Oui
--- Nouvelle Requête Sessions API ---
Timestamp: 2025-07-27 14:33:30
Session ID: jnj4nalu5h6d4pivim91qc5iog
$_SESSION Contenu: Array
(
    [logged_in] => 1
    [username] => monutilisateur
)

logged_in est défini et vrai ? Oui
--- Nouvelle Requête Sessions API ---
Timestamp: 2025-07-27 15:08:21
Session ID: jnj4nalu5h6d4pivim91qc5iog
$_SESSION Contenu: Array
(
    [logged_in] => 1
    [username] => monutilisateur
)

logged_in est défini et vrai ? Oui
--- Nouvelle Requête Sessions API ---
Timestamp: 2025-07-27 15:08:48
Session ID: jnj4nalu5h6d4pivim91qc5iog
$_SESSION Contenu: Array
(
    [logged_in] => 1
    [username] => monutilisateur
)

logged_in est défini et vrai ? Oui
--- Nouvelle Requête Sessions API ---
Timestamp: 2025-07-27 15:18:55
Session ID: jnj4nalu5h6d4pivim91qc5iog
$_SESSION Contenu: Array
(
    [logged_in] => 1
    [username] => monutilisateur
)

logged_in est défini et vrai ? Oui
--- Nouvelle Requête Sessions API ---
Timestamp: 2025-07-27 15:26:31
Session ID: jnj4nalu5h6d4pivim91qc5iog
$_SESSION Contenu: Array
(
    [logged_in] => 1
    [username] => monutilisateur
)

logged_in est défini et vrai ? Oui
--- Nouvelle Requête Sessions API ---
Timestamp: 2025-07-27 15:28:55
Session ID: jnj4nalu5h6d4pivim91qc5iog
$_SESSION Contenu: Array
(
    [logged_in] => 1
    [username] => monutilisateur
)

logged_in est défini et vrai ? Oui
--- Nouvelle Requête Sessions API ---
Timestamp: 2025-07-27 15:30:05
Session ID: jnj4nalu5h6d4pivim91qc5iog
$_SESSION Contenu: Array
(
    [logged_in] => 1
    [username] => monutilisateur
)

logged_in est défini et vrai ? Oui
--- Nouvelle Requête Sessions API ---
Timestamp: 2025-07-27 15:42:45
Session ID: jnj4nalu5h6d4pivim91qc5iog
$_SESSION Contenu: Array
(
    [logged_in] => 1
    [username] => monutilisateur
)

logged_in est défini et vrai ? Oui
--- Nouvelle Requête Sessions API ---
Timestamp: 2025-07-27 15:47:15
Session ID: jnj4nalu5h6d4pivim91qc5iog
$_SESSION Contenu: Array
(
    [logged_in] => 1
    [username] => monutilisateur
)

logged_in est défini et vrai ? Oui
--- Nouvelle Requête Sessions API ---
Timestamp: 2025-07-27 15:50:01
Session ID: jnj4nalu5h6d4pivim91qc5iog
$_SESSION Contenu: Array
(
    [logged_in] => 1
    [username] => monutilisateur
)

logged_in est défini et vrai ? Oui
--- Nouvelle Requête Sessions API ---
Timestamp: 2025-07-27 15:58:49
Session ID: jnj4nalu5h6d4pivim91qc5iog
$_SESSION Contenu: Array
(
    [logged_in] => 1
    [username] => monutilisateur
)

logged_in est défini et vrai ? Oui
--- Nouvelle Requête Sessions API ---
Timestamp: 2025-07-27 16:03:45
Session ID: jnj4nalu5h6d4pivim91qc5iog
$_SESSION Contenu: Array
(
    [logged_in] => 1
    [username] => monutilisateur
)

logged_in est défini et vrai ? Oui
--- Nouvelle Requête Sessions API ---
Timestamp: 2025-07-27 16:10:53
Session ID: jnj4nalu5h6d4pivim91qc5iog
$_SESSION Contenu: Array
(
    [logged_in] => 1
    [username] => monutilisateur
)

logged_in est défini et vrai ? Oui
--- Nouvelle Requête Sessions API ---
Timestamp: 2025-07-27 16:11:14
Session ID: jnj4nalu5h6d4pivim91qc5iog
$_SESSION Contenu: Array
(
    [logged_in] => 1
    [username] => monutilisateur
)

logged_in est défini et vrai ? Oui
--- Nouvelle Requête Sessions API ---
Timestamp: 2025-07-27 16:11:35
Session ID: jnj4nalu5h6d4pivim91qc5iog
$_SESSION Contenu: Array
(
    [logged_in] => 1
    [username] => monutilisateur
)

logged_in est défini et vrai ? Oui
--- Nouvelle Requête Sessions API ---
Timestamp: 2025-07-27 16:12:37
Session ID: jnj4nalu5h6d4pivim91qc5iog
$_SESSION Contenu: Array
(
    [logged_in] => 1
    [username] => monutilisateur
)

logged_in est défini et vrai ? Oui
--- Nouvelle Requête Sessions API ---
Timestamp: 2025-07-27 16:21:29
Session ID: jnj4nalu5h6d4pivim91qc5iog
$_SESSION Contenu: Array
(
    [logged_in] => 1
    [username] => monutilisateur
)

logged_in est défini et vrai ? Oui
--- Nouvelle Requête Sessions API ---
Timestamp: 2025-07-27 16:32:33
Session ID: jnj4nalu5h6d4pivim91qc5iog
$_SESSION Contenu: Array
(
    [logged_in] => 1
    [username] => monutilisateur
)

logged_in est défini et vrai ? Oui
--- Nouvelle Requête Sessions API ---
Timestamp: 2025-07-27 16:32:57
Session ID: jnj4nalu5h6d4pivim91qc5iog
$_SESSION Contenu: Array
(
    [logged_in] => 1
    [username] => monutilisateur
)

logged_in est défini et vrai ? Oui
--- Nouvelle Requête Sessions API ---
Timestamp: 2025-07-27 17:57:11
Session ID: jnj4nalu5h6d4pivim91qc5iog
$_SESSION Contenu: Array
(
    [logged_in] => 1
    [username] => monutilisateur
)

logged_in est défini et vrai ? Oui
--- Nouvelle Requête Sessions API ---
Timestamp: 2025-07-27 18:17:06
Session ID: jnj4nalu5h6d4pivim91qc5iog
$_SESSION Contenu: Array
(
    [logged_in] => 1
    [username] => monutilisateur
)

logged_in est défini et vrai ? Oui
--- Nouvelle Requête Sessions API ---
Timestamp: 2025-07-27 18:27:33
Session ID: jnj4nalu5h6d4pivim91qc5iog
$_SESSION Contenu: Array
(
    [logged_in] => 1
    [username] => monutilisateur
)

logged_in est défini et vrai ? Oui
--- Nouvelle Requête Sessions API ---
Timestamp: 2025-07-27 18:33:56
Session ID: jnj4nalu5h6d4pivim91qc5iog
$_SESSION Contenu: Array
(
    [logged_in] => 1
    [username] => monutilisateur
)

logged_in est défini et vrai ? Oui
--- Nouvelle Requête Sessions API ---
Timestamp: 2025-07-27 18:34:48
Session ID: jnj4nalu5h6d4pivim91qc5iog
$_SESSION Contenu: Array
(
    [logged_in] => 1
    [username] => monutilisateur
)

logged_in est défini et vrai ? Oui
--- Nouvelle Requête Sessions API ---
Timestamp: 2025-07-27 18:39:36
Session ID: jnj4nalu5h6d4pivim91qc5iog
$_SESSION Contenu: Array
(
    [logged_in] => 1
    [username] => monutilisateur
)

logged_in est défini et vrai ? Oui
--- Nouvelle Requête Sessions API ---
Timestamp: 2025-07-27 18:43:28
Session ID: jnj4nalu5h6d4pivim91qc5iog
$_SESSION Contenu: Array
(
    [logged_in] => 1
    [username] => monutilisateur
)

logged_in est défini et vrai ? Oui
--- Nouvelle Requête Sessions API ---
Timestamp: 2025-07-27 18:44:07
Session ID: jnj4nalu5h6d4pivim91qc5iog
$_SESSION Contenu: Array
(
    [logged_in] => 1
    [username] => monutilisateur
)

logged_in est défini et vrai ? Oui
--- Nouvelle Requête Sessions API ---
Timestamp: 2025-07-27 18:46:12
Session ID: jnj4nalu5h6d4pivim91qc5iog
$_SESSION Contenu: Array
(
    [logged_in] => 1
    [username] => monutilisateur
)

logged_in est défini et vrai ? Oui
--- Nouvelle Requête Sessions API ---
Timestamp: 2025-07-27 18:54:23
Session ID: jnj4nalu5h6d4pivim91qc5iog
$_SESSION Contenu: Array
(
    [logged_in] => 1
    [username] => monutilisateur
)

logged_in est défini et vrai ? Oui
--- Nouvelle Requête Sessions API ---
Timestamp: 2025-07-27 18:55:13
Session ID: jnj4nalu5h6d4pivim91qc5iog
$_SESSION Contenu: Array
(
    [logged_in] => 1
    [username] => monutilisateur
)

logged_in est défini et vrai ? Oui
--- Nouvelle Requête Sessions API ---
Timestamp: 2025-07-27 18:56:15
Session ID: jnj4nalu5h6d4pivim91qc5iog
$_SESSION Contenu: Array
(
    [logged_in] => 1
    [username] => monutilisateur
)

logged_in est défini et vrai ? Oui
--- Nouvelle Requête Sessions API ---
Timestamp: 2025-07-27 18:56:36
Session ID: jnj4nalu5h6d4pivim91qc5iog
$_SESSION Contenu: Array
(
    [logged_in] => 1
    [username] => monutilisateur
)

logged_in est défini et vrai ? Oui
--- Nouvelle Requête Sessions API ---
Timestamp: 2025-07-27 18:56:57
Session ID: jnj4nalu5h6d4pivim91qc5iog
$_SESSION Contenu: Array
(
    [logged_in] => 1
    [username] => monutilisateur
)

logged_in est défini et vrai ? Oui
--- Nouvelle Requête Sessions API ---
Timestamp: 2025-07-27 18:57:18
Session ID: jnj4nalu5h6d4pivim91qc5iog
$_SESSION Contenu: Array
(
    [logged_in] => 1
    [username] => monutilisateur
)

logged_in est défini et vrai ? Oui
--- Nouvelle Requête Sessions API ---
Timestamp: 2025-07-27 19:00:34
Session ID: jnj4nalu5h6d4pivim91qc5iog
$_SESSION Contenu: Array
(
    [logged_in] => 1
    [username] => monutilisateur
)

logged_in est défini et vrai ? Oui
--- Nouvelle Requête Sessions API ---
Timestamp: 2025-07-27 19:00:55
Session ID: jnj4nalu5h6d4pivim91qc5iog
$_SESSION Contenu: Array
(
    [logged_in] => 1
    [username] => monutilisateur
)

logged_in est défini et vrai ? Oui
--- Nouvelle Requête Sessions API ---
Timestamp: 2025-07-27 19:05:23
Session ID: jnj4nalu5h6d4pivim91qc5iog
$_SESSION Contenu: Array
(
    [logged_in] => 1
    [username] => monutilisateur
)

logged_in est défini et vrai ? Oui
--- Nouvelle Requête Sessions API ---
Timestamp: 2025-07-27 19:05:24
Session ID: jnj4nalu5h6d4pivim91qc5iog
$_SESSION Contenu: Array
(
    [logged_in] => 1
    [username] => monutilisateur
)

logged_in est défini et vrai ? Oui
--- Nouvelle Requête Sessions API ---
Timestamp: 2025-07-27 19:07:27
Session ID: jnj4nalu5h6d4pivim91qc5iog
$_SESSION Contenu: Array
(
    [logged_in] => 1
    [username] => monutilisateur
)

logged_in est défini et vrai ? Oui
--- Nouvelle Requête Sessions API ---
Timestamp: 2025-07-27 19:07:27
Session ID: jnj4nalu5h6d4pivim91qc5iog
$_SESSION Contenu: Array
(
    [logged_in] => 1
    [username] => monutilisateur
)

logged_in est défini et vrai ? Oui
--- Nouvelle Requête Sessions API ---
Timestamp: 2025-07-27 19:08:06
Session ID: jnj4nalu5h6d4pivim91qc5iog
$_SESSION Contenu: Array
(
    [logged_in] => 1
    [username] => monutilisateur
)

logged_in est défini et vrai ? Oui
--- Nouvelle Requête Sessions API ---
Timestamp: 2025-07-27 19:08:08
Session ID: jnj4nalu5h6d4pivim91qc5iog
$_SESSION Contenu: Array
(
    [logged_in] => 1
    [username] => monutilisateur
)

logged_in est défini et vrai ? Oui
--- Nouvelle Requête Sessions API ---
Timestamp: 2025-07-27 19:08:08
Session ID: jnj4nalu5h6d4pivim91qc5iog
$_SESSION Contenu: Array
(
    [logged_in] => 1
    [username] => monutilisateur
)

logged_in est défini et vrai ? Oui
--- Nouvelle Requête Sessions API ---
Timestamp: 2025-07-27 19:08:13
Session ID: jnj4nalu5h6d4pivim91qc5iog
$_SESSION Contenu: Array
(
    [logged_in] => 1
    [username] => monutilisateur
)

logged_in est défini et vrai ? Oui
--- Nouvelle Requête Sessions API ---
Timestamp: 2025-07-27 19:08:13
Session ID: jnj4nalu5h6d4pivim91qc5iog
$_SESSION Contenu: Array
(
    [logged_in] => 1
    [username] => monutilisateur
)

logged_in est défini et vrai ? Oui
--- Nouvelle Requête Sessions API ---
Timestamp: 2025-07-27 19:08:14
Session ID: jnj4nalu5h6d4pivim91qc5iog
$_SESSION Contenu: Array
(
    [logged_in] => 1
    [username] => monutilisateur
)

logged_in est défini et vrai ? Oui
--- Nouvelle Requête Sessions API ---
Timestamp: 2025-07-27 19:08:21
Session ID: jnj4nalu5h6d4pivim91qc5iog
$_SESSION Contenu: Array
(
    [logged_in] => 1
    [username] => monutilisateur
)

logged_in est défini et vrai ? Oui
--- Nouvelle Requête Sessions API ---
Timestamp: 2025-07-27 19:08:21
Session ID: jnj4nalu5h6d4pivim91qc5iog
$_SESSION Contenu: Array
(
    [logged_in] => 1
    [username] => monutilisateur
)

logged_in est défini et vrai ? Oui
--- Nouvelle Requête Sessions API ---
Timestamp: 2025-07-27 19:08:44
Session ID: jnj4nalu5h6d4pivim91qc5iog
$_SESSION Contenu: Array
(
    [logged_in] => 1
    [username] => monutilisateur
)

logged_in est défini et vrai ? Oui
--- Nouvelle Requête Sessions API ---
Timestamp: 2025-07-27 19:08:44
Session ID: jnj4nalu5h6d4pivim91qc5iog
$_SESSION Contenu: Array
(
    [logged_in] => 1
    [username] => monutilisateur
)

logged_in est défini et vrai ? Oui
--- Nouvelle Requête Sessions API ---
Timestamp: 2025-07-27 19:10:09
Session ID: jnj4nalu5h6d4pivim91qc5iog
$_SESSION Contenu: Array
(
    [logged_in] => 1
    [username] => monutilisateur
)

logged_in est défini et vrai ? Oui
--- Nouvelle Requête Sessions API ---
Timestamp: 2025-07-27 19:10:09
Session ID: jnj4nalu5h6d4pivim91qc5iog
$_SESSION Contenu: Array
(
    [logged_in] => 1
    [username] => monutilisateur
)

logged_in est défini et vrai ? Oui
--- Nouvelle Requête Sessions API ---
Timestamp: 2025-07-27 19:13:21
Session ID: jnj4nalu5h6d4pivim91qc5iog
$_SESSION Contenu: Array
(
    [logged_in] => 1
    [username] => monutilisateur
)

logged_in est défini et vrai ? Oui
--- Nouvelle Requête Sessions API ---
Timestamp: 2025-07-27 19:13:21
Session ID: jnj4nalu5h6d4pivim91qc5iog
$_SESSION Contenu: Array
(
    [logged_in] => 1
    [username] => monutilisateur
)

logged_in est défini et vrai ? Oui
--- Nouvelle Requête Sessions API ---
Timestamp: 2025-07-27 19:13:28
Session ID: jnj4nalu5h6d4pivim91qc5iog
$_SESSION Contenu: Array
(
    [logged_in] => 1
    [username] => monutilisateur
)

logged_in est défini et vrai ? Oui
--- Nouvelle Requête Sessions API ---
Timestamp: 2025-07-27 19:13:28
Session ID: jnj4nalu5h6d4pivim91qc5iog
$_SESSION Contenu: Array
(
    [logged_in] => 1
    [username] => monutilisateur
)

logged_in est défini et vrai ? Oui
--- Nouvelle Requête Sessions API ---
Timestamp: 2025-07-27 19:13:47
Session ID: jnj4nalu5h6d4pivim91qc5iog
$_SESSION Contenu: Array
(
    [logged_in] => 1
    [username] => monutilisateur
)

logged_in est défini et vrai ? Oui
--- Nouvelle Requête Sessions API ---
Timestamp: 2025-07-27 19:13:47
Session ID: jnj4nalu5h6d4pivim91qc5iog
$_SESSION Contenu: Array
(
    [logged_in] => 1
    [username] => monutilisateur
)

logged_in est défini et vrai ? Oui
--- Nouvelle Requête Sessions API ---
Timestamp: 2025-07-27 19:14:11
Session ID: jnj4nalu5h6d4pivim91qc5iog
$_SESSION Contenu: Array
(
    [logged_in] => 1
    [username] => monutilisateur
)

logged_in est défini et vrai ? Oui
--- Nouvelle Requête Sessions API ---
Timestamp: 2025-07-27 19:14:11
Session ID: jnj4nalu5h6d4pivim91qc5iog
$_SESSION Contenu: Array
(
    [logged_in] => 1
    [username] => monutilisateur
)

logged_in est défini et vrai ? Oui
--- Nouvelle Requête Sessions API ---
Timestamp: 2025-07-27 19:14:12
Session ID: jnj4nalu5h6d4pivim91qc5iog
$_SESSION Contenu: Array
(
    [logged_in] => 1
    [username] => monutilisateur
)

logged_in est défini et vrai ? Oui
--- Nouvelle Requête Sessions API ---
Timestamp: 2025-07-27 19:14:55
Session ID: jnj4nalu5h6d4pivim91qc5iog
$_SESSION Contenu: Array
(
    [logged_in] => 1
    [username] => monutilisateur
)

logged_in est défini et vrai ? Oui
--- Nouvelle Requête Sessions API ---
Timestamp: 2025-07-27 19:14:57
Session ID: jnj4nalu5h6d4pivim91qc5iog
$_SESSION Contenu: Array
(
    [logged_in] => 1
    [username] => monutilisateur
)

logged_in est défini et vrai ? Oui
--- Nouvelle Requête Sessions API ---
Timestamp: 2025-07-27 19:14:57
Session ID: jnj4nalu5h6d4pivim91qc5iog
$_SESSION Contenu: Array
(
    [logged_in] => 1
    [username] => monutilisateur
)

logged_in est défini et vrai ? Oui
--- Nouvelle Requête Sessions API ---
Timestamp: 2025-07-27 19:22:38
Session ID: jnj4nalu5h6d4pivim91qc5iog
$_SESSION Contenu: Array
(
    [logged_in] => 1
    [username] => monutilisateur
)

logged_in est défini et vrai ? Oui
--- Nouvelle Requête Sessions API ---
Timestamp: 2025-07-27 19:23:05
Session ID: jnj4nalu5h6d4pivim91qc5iog
$_SESSION Contenu: Array
(
    [logged_in] => 1
    [username] => monutilisateur
)

logged_in est défini et vrai ? Oui
--- Nouvelle Requête Sessions API ---
Timestamp: 2025-07-27 19:23:05
Session ID: jnj4nalu5h6d4pivim91qc5iog
$_SESSION Contenu: Array
(
    [logged_in] => 1
    [username] => monutilisateur
)

logged_in est défini et vrai ? Oui
--- Nouvelle Requête Sessions API ---
Timestamp: 2025-07-27 19:23:09
Session ID: jnj4nalu5h6d4pivim91qc5iog
$_SESSION Contenu: Array
(
    [logged_in] => 1
    [username] => monutilisateur
)

logged_in est défini et vrai ? Oui
--- Nouvelle Requête Sessions API ---
Timestamp: 2025-07-27 19:23:09
Session ID: jnj4nalu5h6d4pivim91qc5iog
$_SESSION Contenu: Array
(
    [logged_in] => 1
    [username] => monutilisateur
)

logged_in est défini et vrai ? Oui
--- Nouvelle Requête Sessions API ---
Timestamp: 2025-07-27 19:23:12
Session ID: jnj4nalu5h6d4pivim91qc5iog
$_SESSION Contenu: Array
(
    [logged_in] => 1
    [username] => monutilisateur
)

logged_in est défini et vrai ? Oui
--- Nouvelle Requête Sessions API ---
Timestamp: 2025-07-27 19:23:12
Session ID: jnj4nalu5h6d4pivim91qc5iog
$_SESSION Contenu: Array
(
    [logged_in] => 1
    [username] => monutilisateur
)

logged_in est défini et vrai ? Oui
--- Nouvelle Requête Sessions API ---
Timestamp: 2025-07-27 19:23:14
Session ID: jnj4nalu5h6d4pivim91qc5iog
$_SESSION Contenu: Array
(
    [logged_in] => 1
    [username] => monutilisateur
)

logged_in est défini et vrai ? Oui
--- Nouvelle Requête Sessions API ---
Timestamp: 2025-07-27 19:23:16
Session ID: jnj4nalu5h6d4pivim91qc5iog
$_SESSION Contenu: Array
(
    [logged_in] => 1
    [username] => monutilisateur
)

logged_in est défini et vrai ? Oui
--- Nouvelle Requête Sessions API ---
Timestamp: 2025-07-27 19:23:16
Session ID: jnj4nalu5h6d4pivim91qc5iog
$_SESSION Contenu: Array
(
    [logged_in] => 1
    [username] => monutilisateur
)

logged_in est défini et vrai ? Oui
--- Nouvelle Requête Sessions API ---
Timestamp: 2025-07-27 19:23:50
Session ID: jnj4nalu5h6d4pivim91qc5iog
$_SESSION Contenu: Array
(
    [logged_in] => 1
    [username] => monutilisateur
)

logged_in est défini et vrai ? Oui
--- Nouvelle Requête Sessions API ---
Timestamp: 2025-07-27 19:23:50
Session ID: jnj4nalu5h6d4pivim91qc5iog
$_SESSION Contenu: Array
(
    [logged_in] => 1
    [username] => monutilisateur
)

logged_in est défini et vrai ? Oui
--- Nouvelle Requête Sessions API ---
Timestamp: 2025-07-27 19:23:53
Session ID: jnj4nalu5h6d4pivim91qc5iog
$_SESSION Contenu: Array
(
    [logged_in] => 1
    [username] => monutilisateur
)

logged_in est défini et vrai ? Oui
--- Nouvelle Requête Sessions API ---
Timestamp: 2025-07-27 19:23:54
Session ID: jnj4nalu5h6d4pivim91qc5iog
$_SESSION Contenu: Array
(
    [logged_in] => 1
    [username] => monutilisateur
)

logged_in est défini et vrai ? Oui
--- Nouvelle Requête Sessions API ---
Timestamp: 2025-07-27 19:23:59
Session ID: jnj4nalu5h6d4pivim91qc5iog
$_SESSION Contenu: Array
(
    [logged_in] => 1
    [username] => monutilisateur
)

logged_in est défini et vrai ? Oui
--- Nouvelle Requête Sessions API ---
Timestamp: 2025-07-27 19:23:59
Session ID: jnj4nalu5h6d4pivim91qc5iog
$_SESSION Contenu: Array
(
    [logged_in] => 1
    [username] => monutilisateur
)

logged_in est défini et vrai ? Oui
--- Nouvelle Requête Sessions API ---
Timestamp: 2025-07-27 19:24:07
Session ID: jnj4nalu5h6d4pivim91qc5iog
$_SESSION Contenu: Array
(
    [logged_in] => 1
    [username] => monutilisateur
)

logged_in est défini et vrai ? Oui
--- Nouvelle Requête Sessions API ---
Timestamp: 2025-07-27 19:24:07
Session ID: jnj4nalu5h6d4pivim91qc5iog
$_SESSION Contenu: Array
(
    [logged_in] => 1
    [username] => monutilisateur
)

logged_in est défini et vrai ? Oui
--- Nouvelle Requête Sessions API ---
Timestamp: 2025-07-27 19:24:18
Session ID: jnj4nalu5h6d4pivim91qc5iog
$_SESSION Contenu: Array
(
    [logged_in] => 1
    [username] => monutilisateur
)

logged_in est défini et vrai ? Oui
--- Nouvelle Requête Sessions API ---
Timestamp: 2025-07-27 19:24:21
Session ID: jnj4nalu5h6d4pivim91qc5iog
$_SESSION Contenu: Array
(
    [logged_in] => 1
    [username] => monutilisateur
)

logged_in est défini et vrai ? Oui
--- Nouvelle Requête Sessions API ---
Timestamp: 2025-07-27 19:24:21
Session ID: jnj4nalu5h6d4pivim91qc5iog
$_SESSION Contenu: Array
(
    [logged_in] => 1
    [username] => monutilisateur
)

logged_in est défini et vrai ? Oui
--- Nouvelle Requête Sessions API ---
Timestamp: 2025-07-27 19:24:26
Session ID: jnj4nalu5h6d4pivim91qc5iog
$_SESSION Contenu: Array
(
    [logged_in] => 1
    [username] => monutilisateur
)

logged_in est défini et vrai ? Oui
--- Nouvelle Requête Sessions API ---
Timestamp: 2025-07-27 19:24:29
Session ID: jnj4nalu5h6d4pivim91qc5iog
$_SESSION Contenu: Array
(
    [logged_in] => 1
    [username] => monutilisateur
)

logged_in est défini et vrai ? Oui
--- Nouvelle Requête Sessions API ---
Timestamp: 2025-07-27 19:24:29
Session ID: jnj4nalu5h6d4pivim91qc5iog
$_SESSION Contenu: Array
(
    [logged_in] => 1
    [username] => monutilisateur
)

logged_in est défini et vrai ? Oui
--- Nouvelle Requête Sessions API ---
Timestamp: 2025-07-27 19:25:26
Session ID: jnj4nalu5h6d4pivim91qc5iog
$_SESSION Contenu: Array
(
    [logged_in] => 1
    [username] => monutilisateur
)

logged_in est défini et vrai ? Oui
--- Nouvelle Requête Sessions API ---
Timestamp: 2025-07-27 19:25:30
Session ID: jnj4nalu5h6d4pivim91qc5iog
$_SESSION Contenu: Array
(
    [logged_in] => 1
    [username] => monutilisateur
)

logged_in est défini et vrai ? Oui
--- Nouvelle Requête Sessions API ---
Timestamp: 2025-07-27 19:25:33
Session ID: jnj4nalu5h6d4pivim91qc5iog
$_SESSION Contenu: Array
(
    [logged_in] => 1
    [username] => monutilisateur
)

logged_in est défini et vrai ? Oui
--- Nouvelle Requête Sessions API ---
Timestamp: 2025-07-27 19:25:36
Session ID: jnj4nalu5h6d4pivim91qc5iog
$_SESSION Contenu: Array
(
    [logged_in] => 1
    [username] => monutilisateur
)

logged_in est défini et vrai ? Oui
--- Nouvelle Requête Sessions API ---
Timestamp: 2025-07-27 19:25:37
Session ID: jnj4nalu5h6d4pivim91qc5iog
$_SESSION Contenu: Array
(
    [logged_in] => 1
    [username] => monutilisateur
)

logged_in est défini et vrai ? Oui
--- Nouvelle Requête Sessions API ---
Timestamp: 2025-07-27 19:25:38
Session ID: jnj4nalu5h6d4pivim91qc5iog
$_SESSION Contenu: Array
(
    [logged_in] => 1
    [username] => monutilisateur
)

logged_in est défini et vrai ? Oui
--- Nouvelle Requête Sessions API ---
Timestamp: 2025-07-27 19:25:50
Session ID: jnj4nalu5h6d4pivim91qc5iog
$_SESSION Contenu: Array
(
    [logged_in] => 1
    [username] => monutilisateur
)

logged_in est défini et vrai ? Oui
--- Nouvelle Requête Sessions API ---
Timestamp: 2025-07-27 19:26:44
Session ID: jnj4nalu5h6d4pivim91qc5iog
$_SESSION Contenu: Array
(
    [logged_in] => 1
    [username] => monutilisateur
)

logged_in est défini et vrai ? Oui
--- Nouvelle Requête Sessions API ---
Timestamp: 2025-07-27 19:28:08
Session ID: jnj4nalu5h6d4pivim91qc5iog
$_SESSION Contenu: Array
(
    [logged_in] => 1
    [username] => monutilisateur
)

logged_in est défini et vrai ? Oui
--- Nouvelle Requête Sessions API ---
Timestamp: 2025-07-27 19:28:10
Session ID: jnj4nalu5h6d4pivim91qc5iog
$_SESSION Contenu: Array
(
    [logged_in] => 1
    [username] => monutilisateur
)

logged_in est défini et vrai ? Oui
--- Nouvelle Requête Sessions API ---
Timestamp: 2025-07-27 19:28:12
Session ID: jnj4nalu5h6d4pivim91qc5iog
$_SESSION Contenu: Array
(
    [logged_in] => 1
    [username] => monutilisateur
)

logged_in est défini et vrai ? Oui
--- Nouvelle Requête Sessions API ---
Timestamp: 2025-07-27 19:28:18
Session ID: jnj4nalu5h6d4pivim91qc5iog
$_SESSION Contenu: Array
(
    [logged_in] => 1
    [username] => monutilisateur
)

logged_in est défini et vrai ? Oui
--- Nouvelle Requête Sessions API ---
Timestamp: 2025-07-27 19:28:35
Session ID: jnj4nalu5h6d4pivim91qc5iog
$_SESSION Contenu: Array
(
    [logged_in] => 1
    [username] => monutilisateur
)

logged_in est défini et vrai ? Oui
--- Nouvelle Requête Sessions API ---
Timestamp: 2025-07-27 19:30:28
Session ID: jnj4nalu5h6d4pivim91qc5iog
$_SESSION Contenu: Array
(
    [logged_in] => 1
    [username] => monutilisateur
)

logged_in est défini et vrai ? Oui
--- Nouvelle Requête Sessions API ---
Timestamp: 2025-07-27 19:30:30
Session ID: jnj4nalu5h6d4pivim91qc5iog
$_SESSION Contenu: Array
(
    [logged_in] => 1
    [username] => monutilisateur
)

logged_in est défini et vrai ? Oui
--- Nouvelle Requête Sessions API ---
Timestamp: 2025-07-27 19:30:31
Session ID: jnj4nalu5h6d4pivim91qc5iog
$_SESSION Contenu: Array
(
    [logged_in] => 1
    [username] => monutilisateur
)

logged_in est défini et vrai ? Oui
--- Nouvelle Requête Sessions API ---
Timestamp: 2025-07-27 19:30:35
Session ID: jnj4nalu5h6d4pivim91qc5iog
$_SESSION Contenu: Array
(
    [logged_in] => 1
    [username] => monutilisateur
)

logged_in est défini et vrai ? Oui
--- Nouvelle Requête Sessions API ---
Timestamp: 2025-07-27 19:40:43
Session ID: jnj4nalu5h6d4pivim91qc5iog
$_SESSION Contenu: Array
(
    [logged_in] => 1
    [username] => monutilisateur
)

logged_in est défini et vrai ? Oui
--- Nouvelle Requête Sessions API ---
Timestamp: 2025-07-27 19:40:45
Session ID: jnj4nalu5h6d4pivim91qc5iog
$_SESSION Contenu: Array
(
    [logged_in] => 1
    [username] => monutilisateur
)

logged_in est défini et vrai ? Oui
--- Nouvelle Requête Sessions API ---
Timestamp: 2025-07-27 19:40:45
Session ID: jnj4nalu5h6d4pivim91qc5iog
$_SESSION Contenu: Array
(
    [logged_in] => 1
    [username] => monutilisateur
)

logged_in est défini et vrai ? Oui
--- Nouvelle Requête Sessions API ---
Timestamp: 2025-07-27 19:40:46
Session ID: jnj4nalu5h6d4pivim91qc5iog
$_SESSION Contenu: Array
(
    [logged_in] => 1
    [username] => monutilisateur
)

logged_in est défini et vrai ? Oui
--- Nouvelle Requête Sessions API ---
Timestamp: 2025-07-27 19:41:02
Session ID: jnj4nalu5h6d4pivim91qc5iog
$_SESSION Contenu: Array
(
    [logged_in] => 1
    [username] => monutilisateur
)

logged_in est défini et vrai ? Oui
--- Nouvelle Requête Sessions API ---
Timestamp: 2025-07-27 19:41:53
Session ID: jnj4nalu5h6d4pivim91qc5iog
$_SESSION Contenu: Array
(
    [logged_in] => 1
    [username] => monutilisateur
)

logged_in est défini et vrai ? Oui
--- Nouvelle Requête Sessions API ---
Timestamp: 2025-07-27 19:41:54
Session ID: jnj4nalu5h6d4pivim91qc5iog
$_SESSION Contenu: Array
(
    [logged_in] => 1
    [username] => monutilisateur
)

logged_in est défini et vrai ? Oui
--- Nouvelle Requête Sessions API ---
Timestamp: 2025-07-27 19:41:56
Session ID: jnj4nalu5h6d4pivim91qc5iog
$_SESSION Contenu: Array
(
    [logged_in] => 1
    [username] => monutilisateur
)

logged_in est défini et vrai ? Oui
--- Nouvelle Requête Sessions API ---
Timestamp: 2025-07-27 19:41:59
Session ID: jnj4nalu5h6d4pivim91qc5iog
$_SESSION Contenu: Array
(
    [logged_in] => 1
    [username] => monutilisateur
)

logged_in est défini et vrai ? Oui
--- Nouvelle Requête Sessions API ---
Timestamp: 2025-07-27 19:46:41
Session ID: jnj4nalu5h6d4pivim91qc5iog
$_SESSION Contenu: Array
(
    [logged_in] => 1
    [username] => monutilisateur
)

logged_in est défini et vrai ? Oui
--- Nouvelle Requête Sessions API ---
Timestamp: 2025-07-27 19:47:33
Session ID: jnj4nalu5h6d4pivim91qc5iog
$_SESSION Contenu: Array
(
    [logged_in] => 1
    [username] => monutilisateur
)

logged_in est défini et vrai ? Oui
--- Nouvelle Requête Sessions API ---
Timestamp: 2025-07-27 19:52:02
Session ID: jnj4nalu5h6d4pivim91qc5iog
$_SESSION Contenu: Array
(
    [logged_in] => 1
    [username] => monutilisateur
)

logged_in est défini et vrai ? Oui
--- Nouvelle Requête Sessions API ---
Timestamp: 2025-07-27 19:53:39
Session ID: jnj4nalu5h6d4pivim91qc5iog
$_SESSION Contenu: Array
(
    [logged_in] => 1
    [username] => monutilisateur
)

logged_in est défini et vrai ? Oui
--- Nouvelle Requête Sessions API ---
Timestamp: 2025-07-27 19:54:29
Session ID: jnj4nalu5h6d4pivim91qc5iog
$_SESSION Contenu: Array
(
    [logged_in] => 1
    [username] => monutilisateur
)

logged_in est défini et vrai ? Oui
--- Nouvelle Requête Sessions API ---
Timestamp: 2025-07-27 19:54:51
Session ID: jnj4nalu5h6d4pivim91qc5iog
$_SESSION Contenu: Array
(
    [logged_in] => 1
    [username] => monutilisateur
)

logged_in est défini et vrai ? Oui
--- Nouvelle Requête Sessions API ---
Timestamp: 2025-07-27 19:55:33
Session ID: jnj4nalu5h6d4pivim91qc5iog
$_SESSION Contenu: Array
(
    [logged_in] => 1
    [username] => monutilisateur
)

logged_in est défini et vrai ? Oui
--- Nouvelle Requête Sessions API ---
Timestamp: 2025-07-27 19:56:18
Session ID: jnj4nalu5h6d4pivim91qc5iog
$_SESSION Contenu: Array
(
    [logged_in] => 1
    [username] => monutilisateur
)

logged_in est défini et vrai ? Oui
--- Nouvelle Requête Sessions API ---
Timestamp: 2025-07-27 19:56:43
Session ID: jnj4nalu5h6d4pivim91qc5iog
$_SESSION Contenu: Array
(
    [logged_in] => 1
    [username] => monutilisateur
)

logged_in est défini et vrai ? Oui
--- Nouvelle Requête Sessions API ---
Timestamp: 2025-07-27 19:58:42
Session ID: jnj4nalu5h6d4pivim91qc5iog
$_SESSION Contenu: Array
(
    [logged_in] => 1
    [username] => monutilisateur
)

logged_in est défini et vrai ? Oui
--- Nouvelle Requête Sessions API ---
Timestamp: 2025-07-27 19:58:50
Session ID: jnj4nalu5h6d4pivim91qc5iog
$_SESSION Contenu: Array
(
    [logged_in] => 1
    [username] => monutilisateur
)

logged_in est défini et vrai ? Oui
--- Nouvelle Requête Sessions API ---
Timestamp: 2025-07-27 19:58:52
Session ID: jnj4nalu5h6d4pivim91qc5iog
$_SESSION Contenu: Array
(
    [logged_in] => 1
    [username] => monutilisateur
)

logged_in est défini et vrai ? Oui
--- Nouvelle Requête Sessions API ---
Timestamp: 2025-07-27 19:58:53
Session ID: jnj4nalu5h6d4pivim91qc5iog
$_SESSION Contenu: Array
(
    [logged_in] => 1
    [username] => monutilisateur
)

logged_in est défini et vrai ? Oui
--- Nouvelle Requête Sessions API ---
Timestamp: 2025-07-27 19:59:00
Session ID: jnj4nalu5h6d4pivim91qc5iog
$_SESSION Contenu: Array
(
    [logged_in] => 1
    [username] => monutilisateur
)

logged_in est défini et vrai ? Oui
--- Nouvelle Requête Sessions API ---
Timestamp: 2025-07-27 20:04:33
Session ID: jnj4nalu5h6d4pivim91qc5iog
$_SESSION Contenu: Array
(
    [logged_in] => 1
    [username] => monutilisateur
)

logged_in est défini et vrai ? Oui
--- Nouvelle Requête Sessions API ---
Timestamp: 2025-07-27 20:05:15
Session ID: jnj4nalu5h6d4pivim91qc5iog
$_SESSION Contenu: Array
(
    [logged_in] => 1
    [username] => monutilisateur
)

logged_in est défini et vrai ? Oui
--- Nouvelle Requête Sessions API ---
Timestamp: 2025-07-27 20:05:20
Session ID: jnj4nalu5h6d4pivim91qc5iog
$_SESSION Contenu: Array
(
    [logged_in] => 1
    [username] => monutilisateur
)

logged_in est défini et vrai ? Oui
--- Nouvelle Requête Sessions API ---
Timestamp: 2025-07-27 21:08:15
Session ID: jnj4nalu5h6d4pivim91qc5iog
$_SESSION Contenu: Array
(
    [logged_in] => 1
    [username] => monutilisateur
)

logged_in est défini et vrai ? Oui
--- Nouvelle Requête Sessions API ---
Timestamp: 2025-07-27 21:08:17
Session ID: jnj4nalu5h6d4pivim91qc5iog
$_SESSION Contenu: Array
(
    [logged_in] => 1
    [username] => monutilisateur
)

logged_in est défini et vrai ? Oui
--- Nouvelle Requête Sessions API ---
Timestamp: 2025-07-27 21:08:18
Session ID: jnj4nalu5h6d4pivim91qc5iog
$_SESSION Contenu: Array
(
    [logged_in] => 1
    [username] => monutilisateur
)

logged_in est défini et vrai ? Oui
--- Nouvelle Requête Sessions API ---
Timestamp: 2025-07-27 21:08:21
Session ID: jnj4nalu5h6d4pivim91qc5iog
$_SESSION Contenu: Array
(
    [logged_in] => 1
    [username] => monutilisateur
)

logged_in est défini et vrai ? Oui
--- Nouvelle Requête Sessions API ---
Timestamp: 2025-07-27 21:09:32
Session ID: jnj4nalu5h6d4pivim91qc5iog
$_SESSION Contenu: Array
(
    [logged_in] => 1
    [username] => monutilisateur
)

logged_in est défini et vrai ? Oui
--- Nouvelle Requête Sessions API ---
Timestamp: 2025-07-27 21:09:34
Session ID: jnj4nalu5h6d4pivim91qc5iog
$_SESSION Contenu: Array
(
    [logged_in] => 1
    [username] => monutilisateur
)

logged_in est défini et vrai ? Oui
--- Nouvelle Requête Sessions API ---
Timestamp: 2025-07-27 21:12:19
Session ID: jnj4nalu5h6d4pivim91qc5iog
$_SESSION Contenu: Array
(
    [logged_in] => 1
    [username] => monutilisateur
)

logged_in est défini et vrai ? Oui
--- Nouvelle Requête Sessions API ---
Timestamp: 2025-07-27 21:12:21
Session ID: jnj4nalu5h6d4pivim91qc5iog
$_SESSION Contenu: Array
(
    [logged_in] => 1
    [username] => monutilisateur
)

logged_in est défini et vrai ? Oui
--- Nouvelle Requête Sessions API ---
Timestamp: 2025-07-27 21:12:22
Session ID: jnj4nalu5h6d4pivim91qc5iog
$_SESSION Contenu: Array
(
    [logged_in] => 1
    [username] => monutilisateur
)

logged_in est défini et vrai ? Oui
--- Nouvelle Requête Sessions API ---
Timestamp: 2025-07-27 21:12:23
Session ID: jnj4nalu5h6d4pivim91qc5iog
$_SESSION Contenu: Array
(
    [logged_in] => 1
    [username] => monutilisateur
)

logged_in est défini et vrai ? Oui
--- Nouvelle Requête Sessions API ---
Timestamp: 2025-07-27 21:12:50
Session ID: jnj4nalu5h6d4pivim91qc5iog
$_SESSION Contenu: Array
(
    [logged_in] => 1
    [username] => monutilisateur
)

logged_in est défini et vrai ? Oui
--- Nouvelle Requête Sessions API ---
Timestamp: 2025-07-27 21:12:51
Session ID: jnj4nalu5h6d4pivim91qc5iog
$_SESSION Contenu: Array
(
    [logged_in] => 1
    [username] => monutilisateur
)

logged_in est défini et vrai ? Oui
--- Nouvelle Requête Sessions API ---
Timestamp: 2025-07-27 21:12:52
Session ID: jnj4nalu5h6d4pivim91qc5iog
$_SESSION Contenu: Array
(
    [logged_in] => 1
    [username] => monutilisateur
)

logged_in est défini et vrai ? Oui
--- Nouvelle Requête Sessions API ---
Timestamp: 2025-07-27 21:15:00
Session ID: jnj4nalu5h6d4pivim91qc5iog
$_SESSION Contenu: Array
(
    [logged_in] => 1
    [username] => monutilisateur
)

logged_in est défini et vrai ? Oui
--- Nouvelle Requête Sessions API ---
Timestamp: 2025-07-27 21:18:11
Session ID: jnj4nalu5h6d4pivim91qc5iog
$_SESSION Contenu: Array
(
    [logged_in] => 1
    [username] => monutilisateur
)

logged_in est défini et vrai ? Oui
--- Nouvelle Requête Sessions API ---
Timestamp: 2025-07-27 21:18:38
Session ID: jnj4nalu5h6d4pivim91qc5iog
$_SESSION Contenu: Array
(
    [logged_in] => 1
    [username] => monutilisateur
)

logged_in est défini et vrai ? Oui
--- Nouvelle Requête Sessions API ---
Timestamp: 2025-07-27 21:18:40
Session ID: jnj4nalu5h6d4pivim91qc5iog
$_SESSION Contenu: Array
(
    [logged_in] => 1
    [username] => monutilisateur
)

logged_in est défini et vrai ? Oui
--- Nouvelle Requête Sessions API ---
Timestamp: 2025-07-27 21:18:41
Session ID: jnj4nalu5h6d4pivim91qc5iog
$_SESSION Contenu: Array
(
    [logged_in] => 1
    [username] => monutilisateur
)

logged_in est défini et vrai ? Oui
--- Nouvelle Requête Sessions API ---
Timestamp: 2025-07-27 21:18:41
Session ID: jnj4nalu5h6d4pivim91qc5iog
$_SESSION Contenu: Array
(
    [logged_in] => 1
    [username] => monutilisateur
)

logged_in est défini et vrai ? Oui
--- Nouvelle Requête Sessions API ---
Timestamp: 2025-07-27 21:19:52
Session ID: jnj4nalu5h6d4pivim91qc5iog
$_SESSION Contenu: Array
(
    [logged_in] => 1
    [username] => monutilisateur
)

logged_in est défini et vrai ? Oui
--- Nouvelle Requête Sessions API ---
Timestamp: 2025-07-27 21:42:41
Session ID: jnj4nalu5h6d4pivim91qc5iog
$_SESSION Contenu: Array
(
    [logged_in] => 1
    [username] => monutilisateur
)

logged_in est défini et vrai ? Oui
--- Nouvelle Requête Sessions API ---
Timestamp: 2025-07-27 23:28:33
Session ID: jnj4nalu5h6d4pivim91qc5iog
$_SESSION Contenu: Array
(
    [logged_in] => 1
    [username] => monutilisateur
)

logged_in est défini et vrai ? Oui
--- Nouvelle Requête Sessions API ---
Timestamp: 2025-07-27 23:30:09
Session ID: jnj4nalu5h6d4pivim91qc5iog
$_SESSION Contenu: Array
(
    [logged_in] => 1
    [username] => monutilisateur
)

logged_in est défini et vrai ? Oui
--- Nouvelle Requête Sessions API ---
Timestamp: 2025-07-27 23:36:55
Session ID: jnj4nalu5h6d4pivim91qc5iog
$_SESSION Contenu: Array
(
    [logged_in] => 1
    [username] => monutilisateur
)

logged_in est défini et vrai ? Oui
--- Nouvelle Requête Sessions API ---
Timestamp: 2025-07-28 00:08:03
Session ID: jnj4nalu5h6d4pivim91qc5iog
$_SESSION Contenu: Array
(
    [logged_in] => 1
    [username] => monutilisateur
)

logged_in est défini et vrai ? Oui
--- Nouvelle Requête Sessions API ---
Timestamp: 2025-07-28 00:10:14
Session ID: jnj4nalu5h6d4pivim91qc5iog
$_SESSION Contenu: Array
(
    [logged_in] => 1
    [username] => monutilisateur
)

logged_in est défini et vrai ? Oui
--- Nouvelle Requête Sessions API ---
Timestamp: 2025-07-28 00:10:36
Session ID: jnj4nalu5h6d4pivim91qc5iog
$_SESSION Contenu: Array
(
    [logged_in] => 1
    [username] => monutilisateur
)

logged_in est défini et vrai ? Oui
--- Nouvelle Requête Sessions API ---
Timestamp: 2025-07-28 00:16:04
Session ID: jnj4nalu5h6d4pivim91qc5iog
$_SESSION Contenu: Array
(
    [logged_in] => 1
    [username] => monutilisateur
)

logged_in est défini et vrai ? Oui
--- Nouvelle Requête Sessions API ---
Timestamp: 2025-07-28 00:17:55
Session ID: jnj4nalu5h6d4pivim91qc5iog
$_SESSION Contenu: Array
(
    [logged_in] => 1
    [username] => monutilisateur
)

logged_in est défini et vrai ? Oui
