--- Déconnexion API Log ---
Timestamp: 2025-07-26 22:01:02
Message: ID de session manquant
Data: Array
(
)

--- Fin Déconnexion API Log ---

--- Déconnexion API Log ---
Timestamp: 2025-07-26 22:01:10
Message: ID de session manquant
Data: Array
(
)

--- Fin Déconnexion API Log ---

--- Déconnexion API Log ---
Timestamp: 2025-07-26 22:01:27
Message: ID de session manquant
Data: Array
(
)

--- Fin Déconnexion API Log ---

--- Déconnexion API Log ---
Timestamp: 2025-07-26 22:03:25
Message: Contenu brut de php://input
Data: {}
--- Fin Déconnexion API Log ---

--- Déconnexion API Log ---
Timestamp: 2025-07-26 22:03:25
Message: Résultat de json_decode()
Data: Array
(
)

--- Fin Déconnexion API Log ---

--- Déconnexion API Log ---
Timestamp: 2025-07-26 22:03:25
Message: Dernière erreur JSON
Data: No error
--- Fin Déconnexion API Log ---

--- Déconnexion API Log ---
Timestamp: 2025-07-26 22:03:25
Message: ID de session manquant (après vérification)
Data: Array
(
)

--- Fin Déconnexion API Log ---

--- Déconnexion API Log ---
Timestamp: 2025-07-26 22:03:31
Message: Contenu brut de php://input
Data: {}
--- Fin Déconnexion API Log ---

--- Déconnexion API Log ---
Timestamp: 2025-07-26 22:03:31
Message: Résultat de json_decode()
Data: Array
(
)

--- Fin Déconnexion API Log ---

--- Déconnexion API Log ---
Timestamp: 2025-07-26 22:03:31
Message: Dernière erreur JSON
Data: No error
--- Fin Déconnexion API Log ---

--- Déconnexion API Log ---
Timestamp: 2025-07-26 22:03:31
Message: ID de session manquant (après vérification)
Data: Array
(
)

--- Fin Déconnexion API Log ---

--- Déconnexion API Log ---
Timestamp: 2025-07-26 22:04:00
Message: Contenu brut de php://input
Data: {}
--- Fin Déconnexion API Log ---

--- Déconnexion API Log ---
Timestamp: 2025-07-26 22:04:00
Message: Résultat de json_decode()
Data: Array
(
)

--- Fin Déconnexion API Log ---

--- Déconnexion API Log ---
Timestamp: 2025-07-26 22:04:00
Message: Dernière erreur JSON
Data: No error
--- Fin Déconnexion API Log ---

--- Déconnexion API Log ---
Timestamp: 2025-07-26 22:04:00
Message: ID de session manquant (après vérification)
Data: Array
(
)

--- Fin Déconnexion API Log ---

--- Déconnexion API Log ---
Timestamp: 2025-07-26 22:09:28
Message: Contenu brut de php://input
Data: {}
--- Fin Déconnexion API Log ---

--- Déconnexion API Log ---
Timestamp: 2025-07-26 22:09:28
Message: Résultat de json_decode()
Data: Array
(
)

--- Fin Déconnexion API Log ---

--- Déconnexion API Log ---
Timestamp: 2025-07-26 22:09:28
Message: Dernière erreur JSON
Data: No error
--- Fin Déconnexion API Log ---

--- Déconnexion API Log ---
Timestamp: 2025-07-26 22:09:28
Message: ID de session manquant (après vérification)
Data: Array
(
)

--- Fin Déconnexion API Log ---

--- Déconnexion API Log ---
Timestamp: 2025-07-26 22:13:48
Message: Contenu brut de php://input
Data: {"sessionId":"Nd85Bp6rwN6iiUuXh1cZnA=="}
--- Fin Déconnexion API Log ---

--- Déconnexion API Log ---
Timestamp: 2025-07-26 22:13:48
Message: Résultat de json_decode()
Data: Array
(
    [sessionId] => Nd85Bp6rwN6iiUuXh1cZnA==
)

--- Fin Déconnexion API Log ---

--- Déconnexion API Log ---
Timestamp: 2025-07-26 22:13:48
Message: Dernière erreur JSON
Data: No error
--- Fin Déconnexion API Log ---

--- Déconnexion API Log ---
Timestamp: 2025-07-26 22:13:48
Message: Tentative de déconnexion via OPNsense API
Data: Array
(
    [sessionId] => Nd85Bp6rwN6iiUuXh1cZnA==
    [URL] => https://11.11.11.1/api/captiveportal/session/disconnect
    [Request Body] => {"sessionid":"Nd85Bp6rwN6iiUuXh1cZnA=="}
)

--- Fin Déconnexion API Log ---

--- Déconnexion API Log ---
Timestamp: 2025-07-26 22:14:03
Message: Contenu brut de php://input
Data: {"sessionId":"Nd85Bp6rwN6iiUuXh1cZnA=="}
--- Fin Déconnexion API Log ---

--- Déconnexion API Log ---
Timestamp: 2025-07-26 22:14:03
Message: Résultat de json_decode()
Data: Array
(
    [sessionId] => Nd85Bp6rwN6iiUuXh1cZnA==
)

--- Fin Déconnexion API Log ---

--- Déconnexion API Log ---
Timestamp: 2025-07-26 22:14:03
Message: Dernière erreur JSON
Data: No error
--- Fin Déconnexion API Log ---

--- Déconnexion API Log ---
Timestamp: 2025-07-26 22:14:03
Message: Tentative de déconnexion via OPNsense API
Data: Array
(
    [sessionId] => Nd85Bp6rwN6iiUuXh1cZnA==
    [URL] => https://11.11.11.1/api/captiveportal/session/disconnect
    [Request Body] => {"sessionid":"Nd85Bp6rwN6iiUuXh1cZnA=="}
)

--- Fin Déconnexion API Log ---

--- Déconnexion API Log ---
Timestamp: 2025-07-26 22:15:41
Message: Contenu brut de php://input
Data: {"sessionId":"Nd85Bp6rwN6iiUuXh1cZnA=="}
--- Fin Déconnexion API Log ---

--- Déconnexion API Log ---
Timestamp: 2025-07-26 22:15:41
Message: Résultat de json_decode()
Data: Array
(
    [sessionId] => Nd85Bp6rwN6iiUuXh1cZnA==
)

--- Fin Déconnexion API Log ---

--- Déconnexion API Log ---
Timestamp: 2025-07-26 22:15:41
Message: Dernière erreur JSON
Data: No error
--- Fin Déconnexion API Log ---

--- Déconnexion API Log ---
Timestamp: 2025-07-26 22:15:41
Message: Tentative de déconnexion via OPNsense API
Data: Array
(
    [sessionId] => Nd85Bp6rwN6iiUuXh1cZnA==
    [URL] => https://11.11.11.1/api/captiveportal/session/disconnect
    [Request Body] => {"sessionid":"Nd85Bp6rwN6iiUuXh1cZnA=="}
)

--- Fin Déconnexion API Log ---

--- Déconnexion API Log ---
Timestamp: 2025-07-26 22:16:19
Message: Contenu brut de php://input
Data: {"sessionId":"Nd85Bp6rwN6iiUuXh1cZnA=="}
--- Fin Déconnexion API Log ---

--- Déconnexion API Log ---
Timestamp: 2025-07-26 22:16:19
Message: Résultat de json_decode()
Data: Array
(
    [sessionId] => Nd85Bp6rwN6iiUuXh1cZnA==
)

--- Fin Déconnexion API Log ---

--- Déconnexion API Log ---
Timestamp: 2025-07-26 22:16:19
Message: Dernière erreur JSON
Data: No error
--- Fin Déconnexion API Log ---

--- Déconnexion API Log ---
Timestamp: 2025-07-26 22:16:19
Message: Tentative de déconnexion via OPNsense API
Data: Array
(
    [sessionId] => Nd85Bp6rwN6iiUuXh1cZnA==
    [URL] => https://11.11.11.1/api/captiveportal/session/disconnect
    [Request Body] => {"sessionid":"Nd85Bp6rwN6iiUuXh1cZnA=="}
)

--- Fin Déconnexion API Log ---

--- Déconnexion API Log ---
Timestamp: 2025-07-26 22:19:32
Message: Contenu brut de php://input
Data: {"sessionId":"Nd85Bp6rwN6iiUuXh1cZnA=="}
--- Fin Déconnexion API Log ---

--- Déconnexion API Log ---
Timestamp: 2025-07-26 22:19:32
Message: Résultat de json_decode()
Data: Array
(
    [sessionId] => Nd85Bp6rwN6iiUuXh1cZnA==
)

--- Fin Déconnexion API Log ---

--- Déconnexion API Log ---
Timestamp: 2025-07-26 22:19:32
Message: Dernière erreur JSON
Data: No error
--- Fin Déconnexion API Log ---

--- Déconnexion API Log ---
Timestamp: 2025-07-26 22:19:32
Message: Tentative de déconnexion via OPNsense API
Data: Array
(
    [sessionId] => Nd85Bp6rwN6iiUuXh1cZnA==
    [URL] => https://11.11.11.1/api/captiveportal/session/disconnect
    [Request Body] => {"sessionid":"Nd85Bp6rwN6iiUuXh1cZnA=="}
)

--- Fin Déconnexion API Log ---

--- Déconnexion API Log ---
Timestamp: 2025-07-26 22:19:34
Message: Réponse OPNsense pour déconnexion
Data: Array
(
    [HTTP Code] => 401
    [cURL Error] => 
    [Response Body] => {"status":401,"message":"Authentication Failed"}
)

--- Fin Déconnexion API Log ---

--- Déconnexion API Log ---
Timestamp: 2025-07-26 22:20:08
Message: Contenu brut de php://input
Data: {"sessionId":"Nd85Bp6rwN6iiUuXh1cZnA=="}
--- Fin Déconnexion API Log ---

--- Déconnexion API Log ---
Timestamp: 2025-07-26 22:20:08
Message: Résultat de json_decode()
Data: Array
(
    [sessionId] => Nd85Bp6rwN6iiUuXh1cZnA==
)

--- Fin Déconnexion API Log ---

--- Déconnexion API Log ---
Timestamp: 2025-07-26 22:20:08
Message: Dernière erreur JSON
Data: No error
--- Fin Déconnexion API Log ---

--- Déconnexion API Log ---
Timestamp: 2025-07-26 22:20:08
Message: Tentative de déconnexion via OPNsense API
Data: Array
(
    [sessionId] => Nd85Bp6rwN6iiUuXh1cZnA==
    [URL] => https://11.11.11.1/api/captiveportal/session/disconnect
    [Request Body] => {"sessionid":"Nd85Bp6rwN6iiUuXh1cZnA=="}
)

--- Fin Déconnexion API Log ---

--- Déconnexion API Log ---
Timestamp: 2025-07-26 22:20:10
Message: Réponse OPNsense pour déconnexion
Data: Array
(
    [HTTP Code] => 401
    [cURL Error] => 
    [Response Body] => {"status":401,"message":"Authentication Failed"}
)

--- Fin Déconnexion API Log ---

--- Déconnexion API Log ---
Timestamp: 2025-07-26 22:20:41
Message: Contenu brut de php://input
Data: {"sessionId":"Nd85Bp6rwN6iiUuXh1cZnA=="}
--- Fin Déconnexion API Log ---

--- Déconnexion API Log ---
Timestamp: 2025-07-26 22:20:41
Message: Résultat de json_decode()
Data: Array
(
    [sessionId] => Nd85Bp6rwN6iiUuXh1cZnA==
)

--- Fin Déconnexion API Log ---

--- Déconnexion API Log ---
Timestamp: 2025-07-26 22:20:41
Message: Dernière erreur JSON
Data: No error
--- Fin Déconnexion API Log ---

--- Déconnexion API Log ---
Timestamp: 2025-07-26 22:20:41
Message: Tentative de déconnexion via OPNsense API
Data: Array
(
    [sessionId] => Nd85Bp6rwN6iiUuXh1cZnA==
    [URL] => https://11.11.11.1/api/captiveportal/session/disconnect
    [Request Body] => {"sessionid":"Nd85Bp6rwN6iiUuXh1cZnA=="}
)

--- Fin Déconnexion API Log ---

--- Déconnexion API Log ---
Timestamp: 2025-07-26 22:20:43
Message: Réponse OPNsense pour déconnexion
Data: Array
(
    [HTTP Code] => 401
    [cURL Error] => 
    [Response Body] => {"status":401,"message":"Authentication Failed"}
)

--- Fin Déconnexion API Log ---

--- Déconnexion API Log ---
Timestamp: 2025-07-26 23:05:47
Message: Contenu brut de php://input
Data: {"sessionId":"Nd85Bp6rwN6iiUuXh1cZnA=="}
--- Fin Déconnexion API Log ---

--- Déconnexion API Log ---
Timestamp: 2025-07-26 23:05:47
Message: Résultat de json_decode()
Data: Array
(
    [sessionId] => Nd85Bp6rwN6iiUuXh1cZnA==
)

--- Fin Déconnexion API Log ---

--- Déconnexion API Log ---
Timestamp: 2025-07-26 23:05:47
Message: Dernière erreur JSON
Data: No error
--- Fin Déconnexion API Log ---

--- Déconnexion API Log ---
Timestamp: 2025-07-26 23:05:47
Message: Tentative de déconnexion via OPNsense API
Data: Array
(
    [sessionId] => Nd85Bp6rwN6iiUuXh1cZnA==
    [URL] => https://11.11.11.1/api/captiveportal/session/disconnect
    [Request Body] => {"sessionid":"Nd85Bp6rwN6iiUuXh1cZnA=="}
)

--- Fin Déconnexion API Log ---

--- Déconnexion API Log ---
Timestamp: 2025-07-26 23:05:47
Message: Réponse OPNsense pour déconnexion
Data: Array
(
    [HTTP Code] => 200
    [cURL Error] => 
    [Response Body] => []
)

--- Fin Déconnexion API Log ---

--- Déconnexion API Log ---
Timestamp: 2025-07-26 23:10:57
Message: Contenu brut de php://input
Data: {"sessionId":"Nd85Bp6rwN6iiUuXh1cZnA=="}
--- Fin Déconnexion API Log ---

--- Déconnexion API Log ---
Timestamp: 2025-07-26 23:10:57
Message: Résultat de json_decode()
Data: Array
(
    [sessionId] => Nd85Bp6rwN6iiUuXh1cZnA==
)

--- Fin Déconnexion API Log ---

--- Déconnexion API Log ---
Timestamp: 2025-07-26 23:10:57
Message: Dernière erreur JSON
Data: No error
--- Fin Déconnexion API Log ---

--- Déconnexion API Log ---
Timestamp: 2025-07-26 23:10:57
Message: Tentative de déconnexion via OPNsense API
Data: Array
(
    [sessionId] => Nd85Bp6rwN6iiUuXh1cZnA==
    [URL] => https://11.11.11.1/api/captiveportal/session/disconnect
    [Request Body] => {"sessionid":"Nd85Bp6rwN6iiUuXh1cZnA=="}
)

--- Fin Déconnexion API Log ---

--- Déconnexion API Log ---
Timestamp: 2025-07-26 23:10:57
Message: Réponse OPNsense pour déconnexion
Data: Array
(
    [HTTP Code] => 200
    [cURL Error] => 
    [Response Body] => []
)

--- Fin Déconnexion API Log ---

--- Déconnexion API Log ---
Timestamp: 2025-07-26 23:12:48
Message: Contenu brut de php://input
Data: {"sessionId":"Nd85Bp6rwN6iiUuXh1cZnA=="}
--- Fin Déconnexion API Log ---

--- Déconnexion API Log ---
Timestamp: 2025-07-26 23:12:48
Message: Résultat de json_decode()
Data: Array
(
    [sessionId] => Nd85Bp6rwN6iiUuXh1cZnA==
)

--- Fin Déconnexion API Log ---

--- Déconnexion API Log ---
Timestamp: 2025-07-26 23:12:48
Message: Dernière erreur JSON
Data: No error
--- Fin Déconnexion API Log ---

--- Déconnexion API Log ---
Timestamp: 2025-07-26 23:12:48
Message: Tentative de déconnexion via OPNsense API
Data: Array
(
    [sessionId] => Nd85Bp6rwN6iiUuXh1cZnA==
    [URL] => https://11.11.11.1/api/captiveportal/session/disconnect
    [Request Body] => {"sessionid":"Nd85Bp6rwN6iiUuXh1cZnA=="}
)

--- Fin Déconnexion API Log ---

--- Déconnexion API Log ---
Timestamp: 2025-07-26 23:12:48
Message: Réponse OPNsense pour déconnexion
Data: Array
(
    [HTTP Code] => 200
    [cURL Error] => 
    [Response Body] => []
)

--- Fin Déconnexion API Log ---

--- Déconnexion API Log ---
Timestamp: 2025-07-26 23:16:47
Message: Contenu brut de php://input
Data: {"sessionId":"Nd85Bp6rwN6iiUuXh1cZnA=="}
--- Fin Déconnexion API Log ---

--- Déconnexion API Log ---
Timestamp: 2025-07-26 23:16:47
Message: Résultat de json_decode()
Data: Array
(
    [sessionId] => Nd85Bp6rwN6iiUuXh1cZnA==
)

--- Fin Déconnexion API Log ---

--- Déconnexion API Log ---
Timestamp: 2025-07-26 23:16:47
Message: Dernière erreur JSON
Data: No error
--- Fin Déconnexion API Log ---

--- Déconnexion API Log ---
Timestamp: 2025-07-26 23:16:47
Message: Tentative de déconnexion via OPNsense API
Data: Array
(
    [sessionId] => Nd85Bp6rwN6iiUuXh1cZnA==
    [URL] => https://11.11.11.1/api/captiveportal/session/disconnect
    [Request Body] => {"sessionid":"Nd85Bp6rwN6iiUuXh1cZnA=="}
)

--- Fin Déconnexion API Log ---

--- Déconnexion API Log ---
Timestamp: 2025-07-26 23:16:47
Message: Réponse OPNsense pour déconnexion
Data: Array
(
    [HTTP Code] => 200
    [cURL Error] => 
    [Response Body] => []
)

--- Fin Déconnexion API Log ---

--- Déconnexion API Log ---
Timestamp: 2025-07-26 23:17:03
Message: Contenu brut de php://input
Data: {"sessionId":"Nd85Bp6rwN6iiUuXh1cZnA=="}
--- Fin Déconnexion API Log ---

--- Déconnexion API Log ---
Timestamp: 2025-07-26 23:17:03
Message: Résultat de json_decode()
Data: Array
(
    [sessionId] => Nd85Bp6rwN6iiUuXh1cZnA==
)

--- Fin Déconnexion API Log ---

--- Déconnexion API Log ---
Timestamp: 2025-07-26 23:17:03
Message: Dernière erreur JSON
Data: No error
--- Fin Déconnexion API Log ---

--- Déconnexion API Log ---
Timestamp: 2025-07-26 23:17:03
Message: Tentative de déconnexion via OPNsense API
Data: Array
(
    [sessionId] => Nd85Bp6rwN6iiUuXh1cZnA==
    [URL] => https://11.11.11.1/api/captiveportal/session/disconnect
    [Request Body] => {"sessionid":"Nd85Bp6rwN6iiUuXh1cZnA=="}
)

--- Fin Déconnexion API Log ---

--- Déconnexion API Log ---
Timestamp: 2025-07-26 23:17:03
Message: Réponse OPNsense pour déconnexion
Data: Array
(
    [HTTP Code] => 200
    [cURL Error] => 
    [Response Body] => []
)

--- Fin Déconnexion API Log ---

--- Déconnexion API Log ---
Timestamp: 2025-07-26 23:17:27
Message: Contenu brut de php://input
Data: {"sessionId":"Nd85Bp6rwN6iiUuXh1cZnA=="}
--- Fin Déconnexion API Log ---

--- Déconnexion API Log ---
Timestamp: 2025-07-26 23:17:27
Message: Résultat de json_decode()
Data: Array
(
    [sessionId] => Nd85Bp6rwN6iiUuXh1cZnA==
)

--- Fin Déconnexion API Log ---

--- Déconnexion API Log ---
Timestamp: 2025-07-26 23:17:27
Message: Dernière erreur JSON
Data: No error
--- Fin Déconnexion API Log ---

--- Déconnexion API Log ---
Timestamp: 2025-07-26 23:17:27
Message: Tentative de déconnexion via OPNsense API
Data: Array
(
    [sessionId] => Nd85Bp6rwN6iiUuXh1cZnA==
    [URL] => https://11.11.11.1/api/captiveportal/session/disconnect
    [Request Body] => {"sessionid":"Nd85Bp6rwN6iiUuXh1cZnA=="}
)

--- Fin Déconnexion API Log ---

--- Déconnexion API Log ---
Timestamp: 2025-07-26 23:17:27
Message: Réponse OPNsense pour déconnexion
Data: Array
(
    [HTTP Code] => 200
    [cURL Error] => 
    [Response Body] => []
)

--- Fin Déconnexion API Log ---

--- Déconnexion API Log ---
Timestamp: 2025-07-27 19:24:18
Message: Contenu brut de php://input
Data: {"sessionId":"undefined"}
--- Fin Déconnexion API Log ---

--- Déconnexion API Log ---
Timestamp: 2025-07-27 19:24:18
Message: Résultat de json_decode()
Data: Array
(
    [sessionId] => undefined
)

--- Fin Déconnexion API Log ---

--- Déconnexion API Log ---
Timestamp: 2025-07-27 19:24:18
Message: Dernière erreur JSON
Data: No error
--- Fin Déconnexion API Log ---

--- Déconnexion API Log ---
Timestamp: 2025-07-27 19:24:18
Message: Tentative de déconnexion via OPNsense API
Data: Array
(
    [sessionId] => undefined
    [URL] => https://11.11.11.1/api/captiveportal/session/disconnect
    [Request Body] => {"sessionid":"undefined"}
)

--- Fin Déconnexion API Log ---

--- Déconnexion API Log ---
Timestamp: 2025-07-27 19:24:18
Message: Réponse OPNsense pour déconnexion
Data: Array
(
    [HTTP Code] => 200
    [cURL Error] => 
    [Response Body] => []
)

--- Fin Déconnexion API Log ---

--- Déconnexion API Log ---
Timestamp: 2025-07-27 19:24:26
Message: Contenu brut de php://input
Data: {"sessionId":"undefined"}
--- Fin Déconnexion API Log ---

--- Déconnexion API Log ---
Timestamp: 2025-07-27 19:24:26
Message: Résultat de json_decode()
Data: Array
(
    [sessionId] => undefined
)

--- Fin Déconnexion API Log ---

--- Déconnexion API Log ---
Timestamp: 2025-07-27 19:24:26
Message: Dernière erreur JSON
Data: No error
--- Fin Déconnexion API Log ---

--- Déconnexion API Log ---
Timestamp: 2025-07-27 19:24:26
Message: Tentative de déconnexion via OPNsense API
Data: Array
(
    [sessionId] => undefined
    [URL] => https://11.11.11.1/api/captiveportal/session/disconnect
    [Request Body] => {"sessionid":"undefined"}
)

--- Fin Déconnexion API Log ---

--- Déconnexion API Log ---
Timestamp: 2025-07-27 19:24:26
Message: Réponse OPNsense pour déconnexion
Data: Array
(
    [HTTP Code] => 200
    [cURL Error] => 
    [Response Body] => []
)

--- Fin Déconnexion API Log ---

