Success: 0
Failures: 32
about.php (No DOCTYPE)
add_dhcp_lease.php (Bottom cut point not found)
add_hotspot_user.php (No DOCTYPE)
add_ip_binding.php (Bottom cut point not found)
add_profile.php (No DOCTYPE)
add_scheduler.php (Bottom cut point not found)
admin_notifications.php (Bottom cut point not found)
administration.php (No DOCTYPE)
cookies.php (No DOCTYPE)
dashboard.php (No DOCTYPE)
dhcp_leases.php (No DOCTYPE)
freeradius.php (Bottom cut point not found)
generate.php (No DOCTYPE)
hosts.php (No DOCTYPE)
hotspot_vouchers.php (No DOCTYPE)
ip_bindings.php (No DOCTYPE)
network_devices.php (Bottom cut point not found)
portal_profiles.php (No DOCTYPE)
print_recouvrement_invoice.php (No page-content-wrapper)
print_vouchers.php (No page-content-wrapper)
profile_list.php (No DOCTYPE)
recouvrement.php (No DOCTYPE)
recouvrement_invoices.php (No DOCTYPE)
reports.php (No DOCTYPE)
scheduler.php (No DOCTYPE)
sessions_list.php (No DOCTYPE)
system_info.php (No DOCTYPE)
system_log.php (No DOCTYPE)
traffic_monitoring.php (No DOCTYPE)
user_logs.php (No DOCTYPE)
user_recharge.php (No DOCTYPE)
users_list.php (No DOCTYPE)
